#
# A fatal error has been detected by the Java Runtime Environment:
#
#  SIGSEGV (0xb) at pc=0x00007fe5f3cdb58e, pid=6783, tid=140625618818880
#
# JRE version: Java(TM) SE Runtime Environment (8.0_31-b13) (build 1.8.0_31-b13)
# Java VM: Java HotSpot(TM) 64-Bit Server VM (25.31-b07 mixed mode linux-amd64 compressed oops)
# Problematic frame:
# C  [libpthread.so.0+0x958e]  pthread_join+0xae
#
# Failed to write core dump. Core dumps have been disabled. To enable core dumping, try "ulimit -c unlimited" before starting Java again
#
# If you would like to submit a bug report, please visit:
#   http://bugreport.java.com/bugreport/crash.jsp
#

---------------  T H R E A D  ---------------

Current thread is native thread

siginfo: si_signo: 11 (SIGSEGV), si_code: 0 (SI_USER), sent from pid: 8189 (uid: 1000)

Registers:
RAX=0x00000000000000ca, RBX=0x00007fe5f40e4700, RCX=0xffffffffffffffff, RDX=0x0000000000001a80
RSP=0x00007fff71439350, RBP=0x00007fe5f40e5740, RSI=0x0000000000000000, RDI=0x00007fe5f40e49d0
R8 =0x0000000000000000, R9 =0x00007fe5f40e4700, R10=0x0000000000000000, R11=0x0000000000000246
R12=0x00007fe5f40e4d28, R13=0x00007fff714393f0, R14=0x00007fe5f3ac42d0, R15=0x00007fff71439350
RIP=0x00007fe5f3cdb58e, EFLAGS=0x0000000000000246, CSGSFS=0x0000000000000033, ERR=0x0000000000000007
  TRAPNO=0x000000000000000e

Top of Stack: (sp=0x00007fff71439350)
0x00007fff71439350:   00007fe5f3cdb4c0 00007fe5f40e4d28
0x00007fff71439360:   0000000000000000 0000000000000000
0x00007fff71439370:   00007fe5f40e49d0 0000000000100000
0x00007fff71439380:   00007fff71439420 00007fff714393b0
0x00007fff71439390:   00007fff71439450 00007fe5f3ac42d0
0x00007fff714393a0:   0000000000000002 00007fe5f3ac7f05
0x00007fff714393b0:   0000000000000000 0000000000000000
0x00007fff714393c0:   0000000000001000 0000000000000000
0x00007fff714393d0:   0000000000100000 0000000000000000
0x00007fff714393e0:   0000000000000000 000000770000006e
0x00007fff714393f0:   0000000000000000 00007fe5f40e4700
0x00007fff71439400:   00007fff7143d5d0 0000000000000000
0x00007fff71439410:   0000000000100000 00007fff71439450
0x00007fff71439420:   00007fff714394e0 00007fe5f3ac396a
0x00007fff71439430:   00007fff71439490 00000000015790e0
0x00007fff71439440:   00007fff7143e47a 0000000000000001
0x00007fff71439450:   0000000000000002 00000000015790e0
0x00007fff71439460:   0000000000000001 00007fff7143e47a
0x00007fff71439470:   00007fe5f2c17ac0 00007fe5f2c0df80
0x00007fff71439480:   00007fe5f2c0df40 0000000000000000
0x00007fff71439490:   0000000000000000 0000000000000000
0x00007fff714394a0:   0000000000000000 0000000000000000
0x00007fff714394b0:   00007fff7143d5d0 0000000000000000
0x00007fff714394c0:   00007fff7143e47a 00000000015790d8
0x00007fff714394d0:   0000000000000003 0000000000000001
0x00007fff714394e0:   00007fff7143d620 00007fe5f3ac5f2e
0x00007fff714394f0:   00007fff00000000 0000000000001000
0x00007fff71439500:   0000000000000000 0000000000000000
0x00007fff71439510:   0000000000000000 00007fff7143d5d0
0x00007fff71439520:   0000000000000000 0000000100000000
0x00007fff71439530:   0000000000000000 0000000000000000
0x00007fff71439540:   ffffffff00000000 0000000000000000 

Instructions: (pc=0x00007fe5f3cdb58e)
0x00007fe5f3cdb56e:   00 8b 8b d0 02 00 00 85 c9 89 ca 74 1a 48 8d bb
0x00007fe5f3cdb57e:   d0 02 00 00 31 f6 4d 31 d2 48 c7 c0 ca 00 00 00
0x00007fe5f3cdb58e:   0f 05 83 3f 00 75 f2 44 89 c7 e8 93 54 00 00 31
0x00007fe5f3cdb59e:   f6 4c 89 ff e8 79 50 00 00 4d 85 ed c7 83 d0 02 

Register to memory mapping:

RAX=0x00000000000000ca is an unknown value
RBX=0x00007fe5f40e4700 is pointing into the stack for thread: 0x00007fe5ec00a800
RCX=0xffffffffffffffff is an unknown value
RDX=0x0000000000001a80 is an unknown value
RSP=0x00007fff71439350 is an unknown value
RBP=0x00007fe5f40e5740 is an unknown value
RSI=0x0000000000000000 is an unknown value
RDI=0x00007fe5f40e49d0 is pointing into the stack for thread: 0x00007fe5ec00a800
R8 =0x0000000000000000 is an unknown value
R9 =0x00007fe5f40e4700 is pointing into the stack for thread: 0x00007fe5ec00a800
R10=0x0000000000000000 is an unknown value
R11=0x0000000000000246 is an unknown value
R12=0x00007fe5f40e4d28 is pointing into the stack for thread: 0x00007fe5ec00a800
R13=0x00007fff714393f0 is an unknown value
R14=0x00007fe5f3ac42d0: <offset 0x72d0> in /usr/lib/jvm/java-8-oracle/bin/../lib/amd64/jli/libjli.so at 0x00007fe5f3abd000
R15=0x00007fff71439350 is an unknown value


Stack: [0x00007fff7133f000,0x00007fff7143f000],  sp=0x00007fff71439350,  free space=1000k
Native frames: (J=compiled Java code, j=interpreted, Vv=VM code, C=native code)
C  [libpthread.so.0+0x958e]  pthread_join+0xae


---------------  P R O C E S S  ---------------

VM state:not at safepoint (normal execution)

VM Mutex/Monitor currently owned by a thread: None

Heap:
 PSYoungGen      total 36864K, used 18431K [0x00000000d6c00000, 0x00000000d9500000, 0x0000000100000000)
  eden space 31744K, 58% used [0x00000000d6c00000,0x00000000d7dffe20,0x00000000d8b00000)
  from space 5120K, 0% used [0x00000000d9000000,0x00000000d9000000,0x00000000d9500000)
  to   space 5120K, 0% used [0x00000000d8b00000,0x00000000d8b00000,0x00000000d9000000)
 ParOldGen       total 84992K, used 0K [0x0000000084400000, 0x0000000089700000, 0x00000000d6c00000)
  object space 84992K, 0% used [0x0000000084400000,0x0000000084400000,0x0000000089700000)
 Metaspace       used 11076K, capacity 11284K, committed 11392K, reserved 1058816K
  class space    used 1265K, capacity 1344K, committed 1408K, reserved 1048576K

Card table byte_map: [0x00007fe5f0a2f000,0x00007fe5f0e0e000] byte_map_base: 0x00007fe5f060d000

Marking Bits: (ParMarkBitMap*) 0x00007fe5f34c92a0
 Begin Bits: [0x00007fe5d4220000, 0x00007fe5d6110000)
 End Bits:   [0x00007fe5d6110000, 0x00007fe5d8000000)

Polling page: 0x00007fe5f410f000

CodeCache: size=245760Kb used=2910Kb max_used=2916Kb free=242849Kb
 bounds [0x00007fe5dd000000, 0x00007fe5dd2e0000, 0x00007fe5ec000000]
 total_blobs=1297 nmethods=770 adapters=442
 compilation: enabled

Compilation events (10 events):
Event: 1903,455 Thread 0x00007fe5ec0bb000  765   !   4       sun.awt.X11.XToolkit::callTimeoutTasks (220 bytes)
Event: 1903,463 Thread 0x00007fe5ec0bb000 nmethod 765 0x00007fe5dd2d9d50 code [0x00007fe5dd2d9f00, 0x00007fe5dd2da218]
Event: 2195,907 Thread 0x00007fe5ec0b6000  766   !   4       sun.awt.X11.XToolkit::getNextTaskTime (55 bytes)
Event: 2195,914 Thread 0x00007fe5ec0b6000 nmethod 766 0x00007fe5dd2da710 code [0x00007fe5dd2da8a0, 0x00007fe5dd2dab10]
Event: 2324,556 Thread 0x00007fe5ec0bd000  768   !   3       java.util.Vector$Itr::next (63 bytes)
Event: 2324,557 Thread 0x00007fe5ec0bd000 nmethod 768 0x00007fe5dd2d2150 code [0x00007fe5dd2d2300, 0x00007fe5dd2d2998]
Event: 2324,557 Thread 0x00007fe5ec0bd000  769       3       java.util.Vector$Itr::checkForComodification (23 bytes)
Event: 2324,558 Thread 0x00007fe5ec0bd000 nmethod 769 0x00007fe5dd2d1cd0 code [0x00007fe5dd2d1e40, 0x00007fe5dd2d2068]
Event: 2324,560 Thread 0x00007fe5ec0bd000  770       3       java.util.LinkedList$ListItr::hasNext (20 bytes)
Event: 2324,561 Thread 0x00007fe5ec0bd000 nmethod 770 0x00007fe5dd2d9950 code [0x00007fe5dd2d9ac0, 0x00007fe5dd2d9c90]

GC Heap History (0 events):
No events

Deoptimization events (1 events):
Event: 38,026 Thread 0x00007fe5ec360800 Uncommon trap: reason=predicate action=maybe_recompile pc=0x00007fe5dd24d81c method=java.util.ArrayList.indexOf(Ljava/lang/Object;)I @ 44

Internal exceptions (10 events):
Event: 8,571 Thread 0x00007fe560055800 Exception <a 'java/security/PrivilegedActionException'> (0x00000000d76aeda8) thrown at [/HUDSON/workspace/8-2-build-linux-amd64/jdk8u31/2394/hotspot/src/share/vm/prims/jvm.cpp, line 1312]
Event: 8,572 Thread 0x00007fe560055800 Exception <a 'java/security/PrivilegedActionException'> (0x00000000d76b2928) thrown at [/HUDSON/workspace/8-2-build-linux-amd64/jdk8u31/2394/hotspot/src/share/vm/prims/jvm.cpp, line 1312]
Event: 8,572 Thread 0x00007fe560055800 Exception <a 'java/security/PrivilegedActionException'> (0x00000000d76b6670) thrown at [/HUDSON/workspace/8-2-build-linux-amd64/jdk8u31/2394/hotspot/src/share/vm/prims/jvm.cpp, line 1312]
Event: 8,576 Thread 0x00007fe560055800 Exception <a 'java/security/PrivilegedActionException'> (0x00000000d76ba338) thrown at [/HUDSON/workspace/8-2-build-linux-amd64/jdk8u31/2394/hotspot/src/share/vm/prims/jvm.cpp, line 1312]
Event: 8,605 Thread 0x00007fe560055800 Exception <a 'java/security/PrivilegedActionException'> (0x00000000d76bdff0) thrown at [/HUDSON/workspace/8-2-build-linux-amd64/jdk8u31/2394/hotspot/src/share/vm/prims/jvm.cpp, line 1312]
Event: 9,237 Thread 0x00007fe560055800 Exception <a 'java/security/PrivilegedActionException'> (0x00000000d76c6980) thrown at [/HUDSON/workspace/8-2-build-linux-amd64/jdk8u31/2394/hotspot/src/share/vm/prims/jvm.cpp, line 1312]
Event: 9,238 Thread 0x00007fe560055800 Exception <a 'java/security/PrivilegedActionException'> (0x00000000d76ca0c0) thrown at [/HUDSON/workspace/8-2-build-linux-amd64/jdk8u31/2394/hotspot/src/share/vm/prims/jvm.cpp, line 1312]
Event: 38,024 Thread 0x00007fe5ec360800 Exception <a 'java/security/PrivilegedActionException'> (0x00000000d72710d8) thrown at [/HUDSON/workspace/8-2-build-linux-amd64/jdk8u31/2394/hotspot/src/share/vm/prims/jvm.cpp, line 1312]
Event: 38,025 Thread 0x00007fe5ec360800 Exception <a 'java/security/PrivilegedActionException'> (0x00000000d72734b0) thrown at [/HUDSON/workspace/8-2-build-linux-amd64/jdk8u31/2394/hotspot/src/share/vm/prims/jvm.cpp, line 1312]
Event: 68,499 Thread 0x00007fe560055800 Exception <a 'java/security/PrivilegedActionException'> (0x00000000d76ebf50) thrown at [/HUDSON/workspace/8-2-build-linux-amd64/jdk8u31/2394/hotspot/src/share/vm/prims/jvm.cpp, line 1312]

Events (10 events):
Event: 84,630 loading class sun/awt/X11/XKeysym$Keysym2JavaKeycode
Event: 84,630 loading class sun/awt/X11/XKeysym$Keysym2JavaKeycode done
Event: 84,630 Executing VM operation: RevokeBias
Event: 84,630 Executing VM operation: RevokeBias done
Event: 145,627 loading class sun/misc/Signal$1
Event: 145,627 loading class sun/misc/Signal$1 done
Event: 145,627 Thread 0x00007fe590001000 Thread added: 0x00007fe590001000
Event: 2174,674 Thread 0x00007fe590002000 Thread added: 0x00007fe590002000
Event: 2324,087 Thread 0x00007fe590003000 Thread added: 0x00007fe590003000
Event: 2370,500 Thread 0x00007fe590004000 Thread added: 0x00007fe590004000


Dynamic libraries:
00400000-00401000 r-xp 00000000 fc:01 4853642                            /usr/lib/jvm/java-8-oracle/bin/java
00600000-00601000 rw-p 00000000 fc:01 4853642                            /usr/lib/jvm/java-8-oracle/bin/java
01579000-0159a000 rw-p 00000000 00:00 0                                  [heap]
84400000-89700000 rw-p 00000000 00:00 0 
89700000-d6c00000 ---p 00000000 00:00 0 
d6c00000-d9500000 rw-p 00000000 00:00 0 
d9500000-100000000 ---p 00000000 00:00 0 
100000000-100160000 rw-p 00000000 00:00 0 
100160000-140000000 ---p 00000000 00:00 0 
7fe548000000-7fe548021000 rw-p 00000000 00:00 0 
7fe548021000-7fe54c000000 ---p 00000000 00:00 0 
7fe54c000000-7fe54c021000 rw-p 00000000 00:00 0 
7fe54c021000-7fe550000000 ---p 00000000 00:00 0 
7fe550000000-7fe550021000 rw-p 00000000 00:00 0 
7fe550021000-7fe554000000 ---p 00000000 00:00 0 
7fe554000000-7fe554021000 rw-p 00000000 00:00 0 
7fe554021000-7fe558000000 ---p 00000000 00:00 0 
7fe558000000-7fe558021000 rw-p 00000000 00:00 0 
7fe558021000-7fe55c000000 ---p 00000000 00:00 0 
7fe55c000000-7fe55c021000 rw-p 00000000 00:00 0 
7fe55c021000-7fe560000000 ---p 00000000 00:00 0 
7fe560000000-7fe560060000 rw-p 00000000 00:00 0 
7fe560060000-7fe564000000 ---p 00000000 00:00 0 
7fe564000000-7fe564021000 rw-p 00000000 00:00 0 
7fe564021000-7fe568000000 ---p 00000000 00:00 0 
7fe568000000-7fe568021000 rw-p 00000000 00:00 0 
7fe568021000-7fe56c000000 ---p 00000000 00:00 0 
7fe56c000000-7fe56c294000 rw-p 00000000 00:00 0 
7fe56c294000-7fe570000000 ---p 00000000 00:00 0 
7fe570000000-7fe570021000 rw-p 00000000 00:00 0 
7fe570021000-7fe574000000 ---p 00000000 00:00 0 
7fe574000000-7fe574029000 rw-p 00000000 00:00 0 
7fe574029000-7fe578000000 ---p 00000000 00:00 0 
7fe578000000-7fe578021000 rw-p 00000000 00:00 0 
7fe578021000-7fe57c000000 ---p 00000000 00:00 0 
7fe57c000000-7fe57c021000 rw-p 00000000 00:00 0 
7fe57c021000-7fe580000000 ---p 00000000 00:00 0 
7fe580000000-7fe5805e9000 rw-p 00000000 00:00 0 
7fe5805e9000-7fe584000000 ---p 00000000 00:00 0 
7fe584000000-7fe584021000 rw-p 00000000 00:00 0 
7fe584021000-7fe588000000 ---p 00000000 00:00 0 
7fe588000000-7fe58808a000 rw-p 00000000 00:00 0 
7fe58808a000-7fe58c000000 ---p 00000000 00:00 0 
7fe58c000000-7fe58c091000 rw-p 00000000 00:00 0 
7fe58c091000-7fe590000000 ---p 00000000 00:00 0 
7fe590000000-7fe590021000 rw-p 00000000 00:00 0 
7fe590021000-7fe594000000 ---p 00000000 00:00 0 
7fe594000000-7fe5940cf000 rw-p 00000000 00:00 0 
7fe5940cf000-7fe598000000 ---p 00000000 00:00 0 
7fe598000000-7fe598021000 rw-p 00000000 00:00 0 
7fe598021000-7fe59c000000 ---p 00000000 00:00 0 
7fe59c000000-7fe59c021000 rw-p 00000000 00:00 0 
7fe59c021000-7fe5a0000000 ---p 00000000 00:00 0 
7fe5a0000000-7fe5a0021000 rw-p 00000000 00:00 0 
7fe5a0021000-7fe5a4000000 ---p 00000000 00:00 0 
7fe5a4000000-7fe5a4021000 rw-p 00000000 00:00 0 
7fe5a4021000-7fe5a8000000 ---p 00000000 00:00 0 
7fe5a8000000-7fe5a8021000 rw-p 00000000 00:00 0 
7fe5a8021000-7fe5ac000000 ---p 00000000 00:00 0 
7fe5b0000000-7fe5b0021000 rw-p 00000000 00:00 0 
7fe5b0021000-7fe5b4000000 ---p 00000000 00:00 0 
7fe5b8000000-7fe5b8021000 rw-p 00000000 00:00 0 
7fe5b8021000-7fe5bc000000 ---p 00000000 00:00 0 
7fe5c0000000-7fe5c0021000 rw-p 00000000 00:00 0 
7fe5c0021000-7fe5c4000000 ---p 00000000 00:00 0 
7fe5c5960000-7fe5c5963000 ---p 00000000 00:00 0 
7fe5c5963000-7fe5c5a61000 rw-p 00000000 00:00 0                          [stack:7980]
7fe5c5a61000-7fe5c5a64000 ---p 00000000 00:00 0 
7fe5c5a64000-7fe5c5b62000 rw-p 00000000 00:00 0                          [stack:8190]
7fe5c5b62000-7fe5c5b65000 ---p 00000000 00:00 0 
7fe5c5b65000-7fe5c5c63000 rw-p 00000000 00:00 0                          [stack:6927]
7fe5c5c63000-7fe5c5c66000 ---p 00000000 00:00 0 
7fe5c5c66000-7fe5c5d64000 rw-p 00000000 00:00 0                          [stack:6840]
7fe5c5d64000-7fe5c5d67000 ---p 00000000 00:00 0 
7fe5c5d67000-7fe5c5e65000 rw-p 00000000 00:00 0 
7fe5c5e65000-7fe5c5e68000 ---p 00000000 00:00 0 
7fe5c5e68000-7fe5c5f66000 rw-p 00000000 00:00 0                          [stack:7078]
7fe5c5f66000-7fe5c5f69000 ---p 00000000 00:00 0 
7fe5c5f69000-7fe5c6067000 rw-p 00000000 00:00 0 
7fe5c6067000-7fe5c6081000 r-xp 00000000 fc:01 4194852                    /usr/lib/x86_64-linux-gnu/libbluetooth.so.3.13.0
7fe5c6081000-7fe5c6280000 ---p 0001a000 fc:01 4194852                    /usr/lib/x86_64-linux-gnu/libbluetooth.so.3.13.0
7fe5c6280000-7fe5c6281000 r--p 00019000 fc:01 4194852                    /usr/lib/x86_64-linux-gnu/libbluetooth.so.3.13.0
7fe5c6281000-7fe5c6284000 rw-p 0001a000 fc:01 4194852                    /usr/lib/x86_64-linux-gnu/libbluetooth.so.3.13.0
7fe5c6284000-7fe5c6292000 r-xp 00000000 fc:01 22152212                   /tmp/bluecove_paill_0/libbluecove_x64.so (deleted)
7fe5c6292000-7fe5c6492000 ---p 0000e000 fc:01 22152212                   /tmp/bluecove_paill_0/libbluecove_x64.so (deleted)
7fe5c6492000-7fe5c6493000 rw-p 0000e000 fc:01 22152212                   /tmp/bluecove_paill_0/libbluecove_x64.so (deleted)
7fe5c6493000-7fe5c6496000 ---p 00000000 00:00 0 
7fe5c6496000-7fe5c6754000 rw-p 00000000 00:00 0                          [stack:8152]
7fe5c6754000-7fe5c6794000 ---p 00000000 00:00 0 
7fe5c6794000-7fe5c6797000 ---p 00000000 00:00 0 
7fe5c6797000-7fe5c6895000 rw-p 00000000 00:00 0                          [stack:6827]
7fe5c6895000-7fe5c68fe000 r-xp 00000000 fc:01 5114358                    /usr/lib/jvm/java-8-oracle/jre/lib/amd64/libt2k.so
7fe5c68fe000-7fe5c6afd000 ---p 00069000 fc:01 5114358                    /usr/lib/jvm/java-8-oracle/jre/lib/amd64/libt2k.so
7fe5c6afd000-7fe5c6b04000 rw-p 00068000 fc:01 5114358                    /usr/lib/jvm/java-8-oracle/jre/lib/amd64/libt2k.so
7fe5c6b04000-7fe5c6b14000 rw-p 00000000 00:00 0 
7fe5c6b14000-7fe5c6b25000 r-xp 00000000 fc:01 5114335                    /usr/lib/jvm/java-8-oracle/jre/lib/amd64/libnio.so
7fe5c6b25000-7fe5c6d24000 ---p 00011000 fc:01 5114335                    /usr/lib/jvm/java-8-oracle/jre/lib/amd64/libnio.so
7fe5c6d24000-7fe5c6d25000 rw-p 00010000 fc:01 5114335                    /usr/lib/jvm/java-8-oracle/jre/lib/amd64/libnio.so
7fe5c6d25000-7fe5c6d28000 ---p 00000000 00:00 0 
7fe5c6d28000-7fe5c6e26000 rw-p 00000000 00:00 0                          [stack:6826]
7fe5c6e26000-7fe5c6e29000 ---p 00000000 00:00 0 
7fe5c6e29000-7fe5c6f27000 rw-p 00000000 00:00 0                          [stack:6825]
7fe5c6f27000-7fe5c6f2c000 r-xp 00000000 fc:01 4204513                    /usr/lib/x86_64-linux-gnu/libXfixes.so.3.1.0
7fe5c6f2c000-7fe5c712b000 ---p 00005000 fc:01 4204513                    /usr/lib/x86_64-linux-gnu/libXfixes.so.3.1.0
7fe5c712b000-7fe5c712c000 r--p 00004000 fc:01 4204513                    /usr/lib/x86_64-linux-gnu/libXfixes.so.3.1.0
7fe5c712c000-7fe5c712d000 rw-p 00005000 fc:01 4204513                    /usr/lib/x86_64-linux-gnu/libXfixes.so.3.1.0
7fe5c712d000-7fe5c7136000 r-xp 00000000 fc:01 4201961                    /usr/lib/x86_64-linux-gnu/libXcursor.so.1.0.2
7fe5c7136000-7fe5c7335000 ---p 00009000 fc:01 4201961                    /usr/lib/x86_64-linux-gnu/libXcursor.so.1.0.2
7fe5c7335000-7fe5c7336000 r--p 00008000 fc:01 4201961                    /usr/lib/x86_64-linux-gnu/libXcursor.so.1.0.2
7fe5c7336000-7fe5c7337000 rw-p 00009000 fc:01 4201961                    /usr/lib/x86_64-linux-gnu/libXcursor.so.1.0.2
7fe5c7337000-7fe5c734d000 r-xp 00000000 fc:01 26214585                   /lib/x86_64-linux-gnu/libgcc_s.so.1
7fe5c734d000-7fe5c754c000 ---p 00016000 fc:01 26214585                   /lib/x86_64-linux-gnu/libgcc_s.so.1
7fe5c754c000-7fe5c754d000 r--p 00015000 fc:01 26214585                   /lib/x86_64-linux-gnu/libgcc_s.so.1
7fe5c754d000-7fe5c754e000 rw-p 00016000 fc:01 26214585                   /lib/x86_64-linux-gnu/libgcc_s.so.1
7fe5c754e000-7fe5c75b3000 r-xp 00000000 fc:01 5114368                    /usr/lib/jvm/java-8-oracle/jre/lib/amd64/libfontmanager.so
7fe5c75b3000-7fe5c77b2000 ---p 00065000 fc:01 5114368                    /usr/lib/jvm/java-8-oracle/jre/lib/amd64/libfontmanager.so
7fe5c77b2000-7fe5c77b6000 rw-p 00064000 fc:01 5114368                    /usr/lib/jvm/java-8-oracle/jre/lib/amd64/libfontmanager.so
7fe5c77b6000-7fe5c77c7000 rw-p 00000000 00:00 0 
7fe5c77c7000-7fe5c77cc000 r-xp 00000000 fc:01 4198800                    /usr/lib/x86_64-linux-gnu/libXdmcp.so.6.0.0
7fe5c77cc000-7fe5c79cb000 ---p 00005000 fc:01 4198800                    /usr/lib/x86_64-linux-gnu/libXdmcp.so.6.0.0
7fe5c79cb000-7fe5c79cc000 r--p 00004000 fc:01 4198800                    /usr/lib/x86_64-linux-gnu/libXdmcp.so.6.0.0
7fe5c79cc000-7fe5c79cd000 rw-p 00005000 fc:01 4198800                    /usr/lib/x86_64-linux-gnu/libXdmcp.so.6.0.0
7fe5c79cd000-7fe5c79cf000 r-xp 00000000 fc:01 4201954                    /usr/lib/x86_64-linux-gnu/libXau.so.6.0.0
7fe5c79cf000-7fe5c7bcf000 ---p 00002000 fc:01 4201954                    /usr/lib/x86_64-linux-gnu/libXau.so.6.0.0
7fe5c7bcf000-7fe5c7bd0000 r--p 00002000 fc:01 4201954                    /usr/lib/x86_64-linux-gnu/libXau.so.6.0.0
7fe5c7bd0000-7fe5c7bd1000 rw-p 00003000 fc:01 4201954                    /usr/lib/x86_64-linux-gnu/libXau.so.6.0.0
7fe5c7bd1000-7fe5c7bee000 r-xp 00000000 fc:01 4203022                    /usr/lib/x86_64-linux-gnu/libxcb.so.1.1.0
7fe5c7bee000-7fe5c7dee000 ---p 0001d000 fc:01 4203022                    /usr/lib/x86_64-linux-gnu/libxcb.so.1.1.0
7fe5c7dee000-7fe5c7def000 r--p 0001d000 fc:01 4203022                    /usr/lib/x86_64-linux-gnu/libxcb.so.1.1.0
7fe5c7def000-7fe5c7df0000 rw-p 0001e000 fc:01 4203022                    /usr/lib/x86_64-linux-gnu/libxcb.so.1.1.0
7fe5c7df0000-7fe5c7dff000 r-xp 00000000 fc:01 4197090                    /usr/lib/x86_64-linux-gnu/libXi.so.6.1.0
7fe5c7dff000-7fe5c7ffe000 ---p 0000f000 fc:01 4197090                    /usr/lib/x86_64-linux-gnu/libXi.so.6.1.0
7fe5c7ffe000-7fe5c7fff000 r--p 0000e000 fc:01 4197090                    /usr/lib/x86_64-linux-gnu/libXi.so.6.1.0
7fe5c7fff000-7fe5c8000000 rw-p 0000f000 fc:01 4197090                    /usr/lib/x86_64-linux-gnu/libXi.so.6.1.0
7fe5c8000000-7fe5c8021000 rw-p 00000000 00:00 0 
7fe5c8021000-7fe5cc000000 ---p 00000000 00:00 0 
7fe5cc030000-7fe5cc03b000 r--s 00116000 fc:01 5115153                    /usr/lib/jvm/java-8-oracle/jre/lib/ext/localedata.jar
7fe5cc03b000-7fe5cc057000 r--s 00393000 fc:01 5115151                    /usr/lib/jvm/java-8-oracle/jre/lib/ext/cldrdata.jar
7fe5cc057000-7fe5cc058000 r--s 00000000 fc:01 9051868                    /var/cache/fontconfig/c05880de57d1f5e948fdfacc138775d9-le64.cache-4
7fe5cc058000-7fe5cc063000 r--s 00000000 fc:01 9047509                    /var/cache/fontconfig/945677eb7aeaf62f1d50efc3fb3ec7d8-le64.cache-4
7fe5cc063000-7fe5cc069000 r--s 00000000 fc:01 9051800                    /var/cache/fontconfig/2cd17615ca594fa2959ae173292e504c-le64.cache-4
7fe5cc069000-7fe5cc06a000 r--s 00000000 fc:01 9051780                    /var/cache/fontconfig/e7071f4a29fa870f4323321c154eba04-le64.cache-4
7fe5cc06a000-7fe5cc06b000 r--s 00000000 fc:01 9051777                    /var/cache/fontconfig/0d8c3b2ac0904cb8a57a757ad11a4a08-le64.cache-4
7fe5cc06b000-7fe5cc072000 r--s 00000000 fc:01 9051776                    /var/cache/fontconfig/a755afe4a08bf5b97852ceb7400b47bc-le64.cache-4
7fe5cc072000-7fe5cc076000 r--s 00000000 fc:01 9051775                    /var/cache/fontconfig/6d41288fd70b0be22e8c3a91e032eec0-le64.cache-4
7fe5cc076000-7fe5cc07a000 r--s 00000000 fc:01 9051774                    /var/cache/fontconfig/de156ccd2eddbdc19d37a45b8b2aac9c-le64.cache-4
7fe5cc07a000-7fe5cc07b000 r--s 00000000 fc:01 9051772                    /var/cache/fontconfig/1ac9eb803944fde146138c791f5cc56a-le64.cache-4
7fe5cc07b000-7fe5cc07f000 r--s 00000000 fc:01 9051771                    /var/cache/fontconfig/385c0604a188198f04d133e54aba7fe7-le64.cache-4
7fe5cc07f000-7fe5cc084000 r--s 00000000 fc:01 9051679                    /var/cache/fontconfig/8801497958630a81b71ace7c5f9b32a8-le64.cache-4
7fe5cc084000-7fe5cc08b000 r--s 00000000 fc:01 9051659                    /var/cache/fontconfig/3047814df9a2f067bd2d96a2b9c36e5a-le64.cache-4
7fe5cc08b000-7fe5cc091000 r--s 00000000 fc:01 9051512                    /var/cache/fontconfig/b47c4e1ecd0709278f4910c18777a504-le64.cache-4
7fe5cc091000-7fe5cc0a4000 r--s 00000000 fc:01 9051477                    /var/cache/fontconfig/d52a8644073d54c13679302ca1180695-le64.cache-4
7fe5cc0a4000-7fe5cc0af000 r--s 00000000 fc:01 9051475                    /var/cache/fontconfig/d589a48862398ed80a3d6066f4f56f4c-le64.cache-4
7fe5cc0af000-7fe5cc0c4000 r--s 00000000 fc:01 9051463                    /var/cache/fontconfig/da82082e1ef13c4097208324d67c180c-le64.cache-4
7fe5cc0c4000-7fe5cc0dc000 r--s 00000000 fc:01 9051120                    /var/cache/fontconfig/e13b20fdb08344e0e664864cc2ede53d-le64.cache-4
7fe5cc0dc000-7fe5cc0df000 ---p 00000000 00:00 0 
7fe5cc0df000-7fe5cc1dd000 rw-p 00000000 00:00 0                          [stack:6824]
7fe5cc1dd000-7fe5cc1e2000 r-xp 00000000 fc:01 4201995                    /usr/lib/x86_64-linux-gnu/libXtst.so.6.1.0
7fe5cc1e2000-7fe5cc3e1000 ---p 00005000 fc:01 4201995                    /usr/lib/x86_64-linux-gnu/libXtst.so.6.1.0
7fe5cc3e1000-7fe5cc3e2000 r--p 00004000 fc:01 4201995                    /usr/lib/x86_64-linux-gnu/libXtst.so.6.1.0
7fe5cc3e2000-7fe5cc3e3000 rw-p 00005000 fc:01 4201995                    /usr/lib/x86_64-linux-gnu/libXtst.so.6.1.0
7fe5cc3e3000-7fe5cc3ec000 r-xp 00000000 fc:01 4201989                    /usr/lib/x86_64-linux-gnu/libXrender.so.1.3.0
7fe5cc3ec000-7fe5cc5eb000 ---p 00009000 fc:01 4201989                    /usr/lib/x86_64-linux-gnu/libXrender.so.1.3.0
7fe5cc5eb000-7fe5cc5ec000 r--p 00008000 fc:01 4201989                    /usr/lib/x86_64-linux-gnu/libXrender.so.1.3.0
7fe5cc5ec000-7fe5cc5ed000 rw-p 00009000 fc:01 4201989                    /usr/lib/x86_64-linux-gnu/libXrender.so.1.3.0
7fe5cc5ed000-7fe5cc720000 r-xp 00000000 fc:01 4198054                    /usr/lib/x86_64-linux-gnu/libX11.so.6.3.0
7fe5cc720000-7fe5cc920000 ---p 00133000 fc:01 4198054                    /usr/lib/x86_64-linux-gnu/libX11.so.6.3.0
7fe5cc920000-7fe5cc921000 r--p 00133000 fc:01 4198054                    /usr/lib/x86_64-linux-gnu/libX11.so.6.3.0
7fe5cc921000-7fe5cc925000 rw-p 00134000 fc:01 4198054                    /usr/lib/x86_64-linux-gnu/libX11.so.6.3.0
7fe5cc925000-7fe5cc926000 rw-p 00000000 00:00 0 
7fe5cc926000-7fe5cc937000 r-xp 00000000 fc:01 4203519                    /usr/lib/x86_64-linux-gnu/libXext.so.6.4.0
7fe5cc937000-7fe5ccb36000 ---p 00011000 fc:01 4203519                    /usr/lib/x86_64-linux-gnu/libXext.so.6.4.0
7fe5ccb36000-7fe5ccb37000 r--p 00010000 fc:01 4203519                    /usr/lib/x86_64-linux-gnu/libXext.so.6.4.0
7fe5ccb37000-7fe5ccb38000 rw-p 00011000 fc:01 4203519                    /usr/lib/x86_64-linux-gnu/libXext.so.6.4.0
7fe5ccb38000-7fe5ccb41000 r--s 00000000 fc:01 9051476                    /var/cache/fontconfig/3f7329c5293ffd510edef78f73874cfd-le64.cache-4
7fe5ccb41000-7fe5ccb5f000 r--s 00000000 fc:01 9051902                    /var/cache/fontconfig/467c019e582ee353435ea5c21d137ef6-le64.cache-4
7fe5ccb5f000-7fe5ccbb3000 r-xp 00000000 fc:01 5114341                    /usr/lib/jvm/java-8-oracle/jre/lib/amd64/libawt_xawt.so
7fe5ccbb3000-7fe5ccdb3000 ---p 00054000 fc:01 5114341                    /usr/lib/jvm/java-8-oracle/jre/lib/amd64/libawt_xawt.so
7fe5ccdb3000-7fe5ccdb7000 rw-p 00054000 fc:01 5114341                    /usr/lib/jvm/java-8-oracle/jre/lib/amd64/libawt_xawt.so
7fe5ccdb7000-7fe5ccdb8000 rw-p 00000000 00:00 0 
7fe5ccdb8000-7fe5cce5a000 r-xp 00000000 fc:01 5114330                    /usr/lib/jvm/java-8-oracle/jre/lib/amd64/libawt.so
7fe5cce5a000-7fe5cd05a000 ---p 000a2000 fc:01 5114330                    /usr/lib/jvm/java-8-oracle/jre/lib/amd64/libawt.so
7fe5cd05a000-7fe5cd066000 rw-p 000a2000 fc:01 5114330                    /usr/lib/jvm/java-8-oracle/jre/lib/amd64/libawt.so
7fe5cd066000-7fe5cd0bb000 rw-p 00000000 00:00 0 
7fe5cd0bb000-7fe5cd0d1000 r-xp 00000000 fc:01 5114339                    /usr/lib/jvm/java-8-oracle/jre/lib/amd64/libnet.so
7fe5cd0d1000-7fe5cd2d1000 ---p 00016000 fc:01 5114339                    /usr/lib/jvm/java-8-oracle/jre/lib/amd64/libnet.so
7fe5cd2d1000-7fe5cd2d2000 rw-p 00016000 fc:01 5114339                    /usr/lib/jvm/java-8-oracle/jre/lib/amd64/libnet.so
7fe5cd2d2000-7fe5cd2d5000 ---p 00000000 00:00 0 
7fe5cd2d5000-7fe5cd3d3000 rw-p 00000000 00:00 0                          [stack:6816]
7fe5cd3d3000-7fe5cd3d4000 r-xp 00000000 00:22 11143987                   /home/paill/idea-IU-139.659.2/bin/libbreakgen64.so
7fe5cd3d4000-7fe5cd5d3000 ---p 00001000 00:22 11143987                   /home/paill/idea-IU-139.659.2/bin/libbreakgen64.so
7fe5cd5d3000-7fe5cd5d4000 r--p 00000000 00:22 11143987                   /home/paill/idea-IU-139.659.2/bin/libbreakgen64.so
7fe5cd5d4000-7fe5cd5d5000 rw-p 00001000 00:22 11143987                   /home/paill/idea-IU-139.659.2/bin/libbreakgen64.so
7fe5cd5d5000-7fe5cd5d6000 ---p 00000000 00:00 0 
7fe5cd5d6000-7fe5cd6d6000 rw-p 00000000 00:00 0                          [stack:6814]
7fe5cd6d6000-7fe5cd6d9000 ---p 00000000 00:00 0 
7fe5cd6d9000-7fe5cd7d7000 rw-p 00000000 00:00 0                          [stack:6812]
7fe5cd7d7000-7fe5cd7da000 ---p 00000000 00:00 0 
7fe5cd7da000-7fe5cd8d8000 rw-p 00000000 00:00 0                          [stack:6811]
7fe5cd8d8000-7fe5cd8db000 ---p 00000000 00:00 0 
7fe5cd8db000-7fe5cd9d9000 rw-p 00000000 00:00 0                          [stack:6810]
7fe5cd9d9000-7fe5cd9dc000 ---p 00000000 00:00 0 
7fe5cd9dc000-7fe5cdada000 rw-p 00000000 00:00 0                          [stack:6808]
7fe5cdada000-7fe5cdadd000 ---p 00000000 00:00 0 
7fe5cdadd000-7fe5cdbdb000 rw-p 00000000 00:00 0                          [stack:6807]
7fe5cdbdb000-7fe5cdbde000 ---p 00000000 00:00 0 
7fe5cdbde000-7fe5cdcdc000 rw-p 00000000 00:00 0                          [stack:6806]
7fe5cdcdc000-7fe5ce3c3000 r--p 00000000 fc:01 4201043                    /usr/lib/locale/locale-archive
7fe5ce3c3000-7fe5ce3c6000 ---p 00000000 00:00 0 
7fe5ce3c6000-7fe5ce4c4000 rw-p 00000000 00:00 0                          [stack:6795]
7fe5ce4c4000-7fe5ce4c7000 ---p 00000000 00:00 0 
7fe5ce4c7000-7fe5ce5c5000 rw-p 00000000 00:00 0                          [stack:6794]
7fe5ce5c5000-7fe5ce5c6000 ---p 00000000 00:00 0 
7fe5ce5c6000-7fe5d0000000 rw-p 00000000 00:00 0                          [stack:6793]
7fe5d0000000-7fe5d0021000 rw-p 00000000 00:00 0 
7fe5d0021000-7fe5d4000000 ---p 00000000 00:00 0 
7fe5d4000000-7fe5d4001000 r--s 00000000 fc:01 9051770                    /var/cache/fontconfig/dc05db6664285cc2f12bf69c139ae4c3-le64.cache-4
7fe5d4001000-7fe5d4003000 r--s 00000000 fc:01 9051769                    /var/cache/fontconfig/767a8244fc0220cfb567a839d0392e0b-le64.cache-4
7fe5d4003000-7fe5d4004000 r--s 00000000 fc:01 9051766                    /var/cache/fontconfig/4794a0821666d79190d59a36cb4f44b5-le64.cache-4
7fe5d4004000-7fe5d4005000 r--s 00000000 fc:01 9051602                    /var/cache/fontconfig/56cf4f4769d0f4abc89a4895d7bd3ae1-le64.cache-4
7fe5d4005000-7fe5d401e000 r--s 001ec000 fc:01 4853779                    /usr/lib/jvm/java-8-oracle/jre/lib/deploy.jar
7fe5d401e000-7fe5d8000000 rw-p 00000000 00:00 0 
7fe5d8000000-7fe5d8021000 rw-p 00000000 00:00 0 
7fe5d8021000-7fe5dc000000 ---p 00000000 00:00 0 
7fe5dc000000-7fe5dc001000 r--s 00000000 fc:01 9051538                    /var/cache/fontconfig/b9d506c9ac06c20b433354fa67a72993-le64.cache-4
7fe5dc001000-7fe5dc002000 r--s 00000000 fc:01 9051474                    /var/cache/fontconfig/0c9eb80ebd1c36541ebe2852d3bb0c49-le64.cache-4
7fe5dc002000-7fe5dc006000 r--s 00000000 fc:01 9044145                    /var/cache/fontconfig/7ef2298fde41cc6eeb7af42e48b7d293-le64.cache-4
7fe5dc006000-7fe5dc008000 r--s 00016000 00:22 11404952                   /home/paill/idea-IU-139.659.2/lib/idea_rt.jar
7fe5dc008000-7fe5dc011000 r--s 0006d000 00:22 22546609                   /home/paill/dev/java/Sphero-Desktop-API/lib/log4j-1.2.16.jar
7fe5dc011000-7fe5dc015000 r--s 00094000 fc:01 4853787                    /usr/lib/jvm/java-8-oracle/jre/lib/jsse.jar
7fe5dc015000-7fe5dc14b000 rw-p 00000000 00:00 0 
7fe5dc14b000-7fe5dc321000 r--s 03cae000 fc:01 4853766                    /usr/lib/jvm/java-8-oracle/jre/lib/rt.jar
7fe5dc321000-7fe5dceff000 rw-p 00000000 00:00 0 
7fe5dceff000-7fe5dcf00000 ---p 00000000 00:00 0 
7fe5dcf00000-7fe5dd000000 rw-p 00000000 00:00 0                          [stack:6792]
7fe5dd000000-7fe5dd2e0000 rwxp 00000000 00:00 0 
7fe5dd2e0000-7fe5ec000000 ---p 00000000 00:00 0 
7fe5ec000000-7fe5ec368000 rw-p 00000000 00:00 0 
7fe5ec368000-7fe5f0000000 ---p 00000000 00:00 0 
7fe5f0000000-7fe5f0001000 r--s 00000000 fc:01 9051903                    /var/cache/fontconfig/e0aa53bcfa504e64f87823c16bc01eb6-le64.cache-4
7fe5f0001000-7fe5f0014000 r--s 00344000 fc:01 4853765                    /usr/lib/jvm/java-8-oracle/jre/lib/resources.jar
7fe5f0014000-7fe5f001e000 r--s 00069000 fc:01 4853716                    /usr/lib/jvm/java-8-oracle/jre/lib/javaws.jar
7fe5f001e000-7fe5f0094000 rw-p 00000000 00:00 0 
7fe5f0094000-7fe5f0095000 ---p 00000000 00:00 0 
7fe5f0095000-7fe5f0195000 rw-p 00000000 00:00 0                          [stack:6791]
7fe5f0195000-7fe5f0196000 ---p 00000000 00:00 0 
7fe5f0196000-7fe5f0296000 rw-p 00000000 00:00 0                          [stack:6790]
7fe5f0296000-7fe5f0297000 ---p 00000000 00:00 0 
7fe5f0297000-7fe5f0397000 rw-p 00000000 00:00 0                          [stack:6789]
7fe5f0397000-7fe5f0398000 ---p 00000000 00:00 0 
7fe5f0398000-7fe5f0498000 rw-p 00000000 00:00 0                          [stack:6788]
7fe5f0498000-7fe5f0499000 ---p 00000000 00:00 0 
7fe5f0499000-7fe5f0599000 rw-p 00000000 00:00 0                          [stack:6787]
7fe5f0599000-7fe5f059a000 ---p 00000000 00:00 0 
7fe5f059a000-7fe5f069a000 rw-p 00000000 00:00 0                          [stack:6786]
7fe5f069a000-7fe5f069b000 ---p 00000000 00:00 0 
7fe5f069b000-7fe5f07c5000 rw-p 00000000 00:00 0                          [stack:6785]
7fe5f07c5000-7fe5f0a2f000 ---p 00000000 00:00 0 
7fe5f0a2f000-7fe5f0a59000 rw-p 00000000 00:00 0 
7fe5f0a59000-7fe5f0cc3000 ---p 00000000 00:00 0 
7fe5f0cc3000-7fe5f0cd8000 rw-p 00000000 00:00 0 
7fe5f0cd8000-7fe5f0e0d000 ---p 00000000 00:00 0 
7fe5f0e0d000-7fe5f0e1a000 rw-p 00000000 00:00 0 
7fe5f0e1a000-7fe5f11ce000 ---p 00000000 00:00 0 
7fe5f11ce000-7fe5f11e8000 r-xp 00000000 fc:01 5114348                    /usr/lib/jvm/java-8-oracle/jre/lib/amd64/libzip.so
7fe5f11e8000-7fe5f13e8000 ---p 0001a000 fc:01 5114348                    /usr/lib/jvm/java-8-oracle/jre/lib/amd64/libzip.so
7fe5f13e8000-7fe5f13e9000 rw-p 0001a000 fc:01 5114348                    /usr/lib/jvm/java-8-oracle/jre/lib/amd64/libzip.so
7fe5f13e9000-7fe5f13f4000 r-xp 00000000 fc:01 26214670                   /lib/x86_64-linux-gnu/libnss_files-2.19.so
7fe5f13f4000-7fe5f15f3000 ---p 0000b000 fc:01 26214670                   /lib/x86_64-linux-gnu/libnss_files-2.19.so
7fe5f15f3000-7fe5f15f4000 r--p 0000a000 fc:01 26214670                   /lib/x86_64-linux-gnu/libnss_files-2.19.so
7fe5f15f4000-7fe5f15f5000 rw-p 0000b000 fc:01 26214670                   /lib/x86_64-linux-gnu/libnss_files-2.19.so
7fe5f15f5000-7fe5f1600000 r-xp 00000000 fc:01 26214627                   /lib/x86_64-linux-gnu/libnss_nis-2.19.so
7fe5f1600000-7fe5f17ff000 ---p 0000b000 fc:01 26214627                   /lib/x86_64-linux-gnu/libnss_nis-2.19.so
7fe5f17ff000-7fe5f1800000 r--p 0000a000 fc:01 26214627                   /lib/x86_64-linux-gnu/libnss_nis-2.19.so
7fe5f1800000-7fe5f1801000 rw-p 0000b000 fc:01 26214627                   /lib/x86_64-linux-gnu/libnss_nis-2.19.so
7fe5f1801000-7fe5f1818000 r-xp 00000000 fc:01 26214672                   /lib/x86_64-linux-gnu/libnsl-2.19.so
7fe5f1818000-7fe5f1a17000 ---p 00017000 fc:01 26214672                   /lib/x86_64-linux-gnu/libnsl-2.19.so
7fe5f1a17000-7fe5f1a18000 r--p 00016000 fc:01 26214672                   /lib/x86_64-linux-gnu/libnsl-2.19.so
7fe5f1a18000-7fe5f1a19000 rw-p 00017000 fc:01 26214672                   /lib/x86_64-linux-gnu/libnsl-2.19.so
7fe5f1a19000-7fe5f1a1b000 rw-p 00000000 00:00 0 
7fe5f1a1b000-7fe5f1a24000 r-xp 00000000 fc:01 26214662                   /lib/x86_64-linux-gnu/libnss_compat-2.19.so
7fe5f1a24000-7fe5f1c23000 ---p 00009000 fc:01 26214662                   /lib/x86_64-linux-gnu/libnss_compat-2.19.so
7fe5f1c23000-7fe5f1c24000 r--p 00008000 fc:01 26214662                   /lib/x86_64-linux-gnu/libnss_compat-2.19.so
7fe5f1c24000-7fe5f1c25000 rw-p 00009000 fc:01 26214662                   /lib/x86_64-linux-gnu/libnss_compat-2.19.so
7fe5f1c25000-7fe5f1c4f000 r-xp 00000000 fc:01 5114351                    /usr/lib/jvm/java-8-oracle/jre/lib/amd64/libjava.so
7fe5f1c4f000-7fe5f1e4f000 ---p 0002a000 fc:01 5114351                    /usr/lib/jvm/java-8-oracle/jre/lib/amd64/libjava.so
7fe5f1e4f000-7fe5f1e51000 rw-p 0002a000 fc:01 5114351                    /usr/lib/jvm/java-8-oracle/jre/lib/amd64/libjava.so
7fe5f1e51000-7fe5f1e5e000 r-xp 00000000 fc:01 5114356                    /usr/lib/jvm/java-8-oracle/jre/lib/amd64/libverify.so
7fe5f1e5e000-7fe5f205e000 ---p 0000d000 fc:01 5114356                    /usr/lib/jvm/java-8-oracle/jre/lib/amd64/libverify.so
7fe5f205e000-7fe5f2060000 rw-p 0000d000 fc:01 5114356                    /usr/lib/jvm/java-8-oracle/jre/lib/amd64/libverify.so
7fe5f2060000-7fe5f2067000 r-xp 00000000 fc:01 26214668                   /lib/x86_64-linux-gnu/librt-2.19.so
7fe5f2067000-7fe5f2266000 ---p 00007000 fc:01 26214668                   /lib/x86_64-linux-gnu/librt-2.19.so
7fe5f2266000-7fe5f2267000 r--p 00006000 fc:01 26214668                   /lib/x86_64-linux-gnu/librt-2.19.so
7fe5f2267000-7fe5f2268000 rw-p 00007000 fc:01 26214668                   /lib/x86_64-linux-gnu/librt-2.19.so
7fe5f2268000-7fe5f236d000 r-xp 00000000 fc:01 26214669                   /lib/x86_64-linux-gnu/libm-2.19.so
7fe5f236d000-7fe5f256c000 ---p 00105000 fc:01 26214669                   /lib/x86_64-linux-gnu/libm-2.19.so
7fe5f256c000-7fe5f256d000 r--p 00104000 fc:01 26214669                   /lib/x86_64-linux-gnu/libm-2.19.so
7fe5f256d000-7fe5f256e000 rw-p 00105000 fc:01 26214669                   /lib/x86_64-linux-gnu/libm-2.19.so
7fe5f256e000-7fe5f31dc000 r-xp 00000000 fc:01 5114311                    /usr/lib/jvm/java-8-oracle/jre/lib/amd64/server/libjvm.so
7fe5f31dc000-7fe5f33db000 ---p 00c6e000 fc:01 5114311                    /usr/lib/jvm/java-8-oracle/jre/lib/amd64/server/libjvm.so
7fe5f33db000-7fe5f34b1000 rw-p 00c6d000 fc:01 5114311                    /usr/lib/jvm/java-8-oracle/jre/lib/amd64/server/libjvm.so
7fe5f34b1000-7fe5f34f4000 rw-p 00000000 00:00 0 
7fe5f34f4000-7fe5f36ae000 r-xp 00000000 fc:01 26214673                   /lib/x86_64-linux-gnu/libc-2.19.so
7fe5f36ae000-7fe5f38ae000 ---p 001ba000 fc:01 26214673                   /lib/x86_64-linux-gnu/libc-2.19.so
7fe5f38ae000-7fe5f38b2000 r--p 001ba000 fc:01 26214673                   /lib/x86_64-linux-gnu/libc-2.19.so
7fe5f38b2000-7fe5f38b4000 rw-p 001be000 fc:01 26214673                   /lib/x86_64-linux-gnu/libc-2.19.so
7fe5f38b4000-7fe5f38b9000 rw-p 00000000 00:00 0 
7fe5f38b9000-7fe5f38bc000 r-xp 00000000 fc:01 26214656                   /lib/x86_64-linux-gnu/libdl-2.19.so
7fe5f38bc000-7fe5f3abb000 ---p 00003000 fc:01 26214656                   /lib/x86_64-linux-gnu/libdl-2.19.so
7fe5f3abb000-7fe5f3abc000 r--p 00002000 fc:01 26214656                   /lib/x86_64-linux-gnu/libdl-2.19.so
7fe5f3abc000-7fe5f3abd000 rw-p 00003000 fc:01 26214656                   /lib/x86_64-linux-gnu/libdl-2.19.so
7fe5f3abd000-7fe5f3ad2000 r-xp 00000000 fc:01 4332889                    /usr/lib/jvm/java-8-oracle/lib/amd64/jli/libjli.so
7fe5f3ad2000-7fe5f3cd1000 ---p 00015000 fc:01 4332889                    /usr/lib/jvm/java-8-oracle/lib/amd64/jli/libjli.so
7fe5f3cd1000-7fe5f3cd2000 rw-p 00014000 fc:01 4332889                    /usr/lib/jvm/java-8-oracle/lib/amd64/jli/libjli.so
7fe5f3cd2000-7fe5f3ceb000 r-xp 00000000 fc:01 26214675                   /lib/x86_64-linux-gnu/libpthread-2.19.so
7fe5f3ceb000-7fe5f3eea000 ---p 00019000 fc:01 26214675                   /lib/x86_64-linux-gnu/libpthread-2.19.so
7fe5f3eea000-7fe5f3eeb000 r--p 00018000 fc:01 26214675                   /lib/x86_64-linux-gnu/libpthread-2.19.so
7fe5f3eeb000-7fe5f3eec000 rw-p 00019000 fc:01 26214675                   /lib/x86_64-linux-gnu/libpthread-2.19.so
7fe5f3eec000-7fe5f3ef0000 rw-p 00000000 00:00 0 
7fe5f3ef0000-7fe5f3f13000 r-xp 00000000 fc:01 26214654                   /lib/x86_64-linux-gnu/ld-2.19.so
7fe5f3f13000-7fe5f3f14000 r--s 00015000 00:22 22548202                   /home/paill/dev/java/Sphero-Desktop-API/lib/bluecove-gpl-2.1.0.jar
7fe5f3f14000-7fe5f3f15000 r--s 00000000 fc:01 4853782                    /usr/lib/jvm/java-8-oracle/jre/lib/management-agent.jar
7fe5f3f15000-7fe5f3f17000 r--s 00007000 fc:01 4853780                    /usr/lib/jvm/java-8-oracle/jre/lib/jfxswt.jar
7fe5f3f17000-7fe5f3f19000 r--s 0001a000 fc:01 4853774                    /usr/lib/jvm/java-8-oracle/jre/lib/jce.jar
7fe5f3f19000-7fe5f3fe4000 rw-p 00000000 00:00 0 
7fe5f3fe4000-7fe5f3fe7000 ---p 00000000 00:00 0 
7fe5f3fe7000-7fe5f40e9000 rw-p 00000000 00:00 0                          [stack:6784]
7fe5f40e9000-7fe5f40fc000 r--s 000d5000 fc:01 4853715                    /usr/lib/jvm/java-8-oracle/jre/lib/plugin.jar
7fe5f40fc000-7fe5f4101000 r--s 002f8000 fc:01 4853714                    /usr/lib/jvm/java-8-oracle/jre/lib/charsets.jar
7fe5f4101000-7fe5f4106000 r--s 00084000 fc:01 4853713                    /usr/lib/jvm/java-8-oracle/jre/lib/jfr.jar
7fe5f4106000-7fe5f410e000 rw-s 00000000 fc:01 22152210                   /tmp/hsperfdata_paill/6783
7fe5f410e000-7fe5f410f000 rw-p 00000000 00:00 0 
7fe5f410f000-7fe5f4110000 r--p 00000000 00:00 0 
7fe5f4110000-7fe5f4112000 rw-p 00000000 00:00 0 
7fe5f4112000-7fe5f4113000 r--p 00022000 fc:01 26214654                   /lib/x86_64-linux-gnu/ld-2.19.so
7fe5f4113000-7fe5f4114000 rw-p 00023000 fc:01 26214654                   /lib/x86_64-linux-gnu/ld-2.19.so
7fe5f4114000-7fe5f4115000 rw-p 00000000 00:00 0 
7fff7141d000-7fff7143f000 rw-p 00000000 00:00 0                          [stack]
7fff714ab000-7fff714ad000 r-xp 00000000 00:00 0                          [vdso]
ffffffffff600000-ffffffffff601000 r-xp 00000000 00:00 0                  [vsyscall]

VM Arguments:
jvm_args: -Djava.library.path=/home/paill/dev/java/Sphero-Desktop-API/lib/bluecove-gpl-2.1.0.jar -Didea.launcher.port=7538 -Didea.launcher.bin.path=/home/paill/idea-IU-139.659.2/bin -Dfile.encoding=UTF-8 
java_command: com.intellij.rt.execution.application.AppMain se.nicklasgavelin.sphero.example.Example_Site_API -Djava.library.path=./lib/native/linux-64
java_class_path (initial): /home/paill/dev/java/Sphero-Desktop-API/bin:/usr/lib/jvm/java-8-oracle/jre/lib/jfr.jar:/usr/lib/jvm/java-8-oracle/jre/lib/charsets.jar:/usr/lib/jvm/java-8-oracle/jre/lib/plugin.jar:/usr/lib/jvm/java-8-oracle/jre/lib/javaws.jar:/usr/lib/jvm/java-8-oracle/jre/lib/resources.jar:/usr/lib/jvm/java-8-oracle/jre/lib/rt.jar:/usr/lib/jvm/java-8-oracle/jre/lib/jce.jar:/usr/lib/jvm/java-8-oracle/jre/lib/deploy.jar:/usr/lib/jvm/java-8-oracle/jre/lib/jfxswt.jar:/usr/lib/jvm/java-8-oracle/jre/lib/management-agent.jar:/usr/lib/jvm/java-8-oracle/jre/lib/jsse.jar:/usr/lib/jvm/java-8-oracle/jre/lib/ext/dnsns.jar:/usr/lib/jvm/java-8-oracle/jre/lib/ext/sunec.jar:/usr/lib/jvm/java-8-oracle/jre/lib/ext/cldrdata.jar:/usr/lib/jvm/java-8-oracle/jre/lib/ext/nashorn.jar:/usr/lib/jvm/java-8-oracle/jre/lib/ext/localedata.jar:/usr/lib/jvm/java-8-oracle/jre/lib/ext/sunjce_provider.jar:/usr/lib/jvm/java-8-oracle/jre/lib/ext/sunpkcs11.jar:/usr/lib/jvm/java-8-oracle/jre/lib/ext/jfxrt.jar:/usr/lib/jvm/java-8-oracle/jre/lib/ext/zipfs.jar:/home/paill/dev/java/Sphero-Desktop-API/lib/log4j-1.2.16.jar:/home/paill/dev/java/Sphero-Desktop-API/lib/bluecove-gpl-2.1.0.jar:/home/paill/idea-IU-139.659.2/lib/idea_rt.jar
Launcher Type: SUN_STANDARD

Environment Variables:
CLASSPATH=/home/paill/idea-IU-139.659.2/bin/../lib/bootstrap.jar:/home/paill/idea-IU-139.659.2/bin/../lib/extensions.jar:/home/paill/idea-IU-139.659.2/bin/../lib/util.jar:/home/paill/idea-IU-139.659.2/bin/../lib/jdom.jar:/home/paill/idea-IU-139.659.2/bin/../lib/log4j.jar:/home/paill/idea-IU-139.659.2/bin/../lib/trove4j.jar:/home/paill/idea-IU-139.659.2/bin/../lib/jna.jar:/usr/lib/jvm/java-8-oracle/lib/tools.jar
PATH=/home/paill/.rbenv/shims:/home/paill/.rbenv/bin:/home/paill/bin:/usr/local/sbin:/usr/local/bin:/usr/sbin:/usr/bin:/sbin:/bin:/usr/games:/usr/local/games
LD_LIBRARY_PATH=/home/paill/idea-IU-139.659.2/bin:
SHELL=/bin/zsh
DISPLAY=:0

Signal Handlers:
SIGSEGV: [libjvm.so+0xa7a650], sa_mask[0]=11111111011111111101111111111110, sa_flags=SA_RESTART|SA_SIGINFO
SIGBUS: [libjvm.so+0xa7a650], sa_mask[0]=11111111011111111101111111111110, sa_flags=SA_RESTART|SA_SIGINFO
SIGFPE: [libjvm.so+0x8e28f0], sa_mask[0]=11111111011111111101111111111110, sa_flags=SA_RESTART|SA_SIGINFO
SIGPIPE: [libjvm.so+0x8e28f0], sa_mask[0]=11111111011111111101111111111110, sa_flags=SA_RESTART|SA_SIGINFO
SIGXFSZ: [libjvm.so+0x8e28f0], sa_mask[0]=11111111011111111101111111111110, sa_flags=SA_RESTART|SA_SIGINFO
SIGILL: [libjvm.so+0x8e28f0], sa_mask[0]=11111111011111111101111111111110, sa_flags=SA_RESTART|SA_SIGINFO
SIGUSR1: SIG_DFL, sa_mask[0]=00000000000000000000000000000000, sa_flags=none
SIGUSR2: [libjvm.so+0x8e4120], sa_mask[0]=00100000000000000000000000000000, sa_flags=SA_RESTART|SA_SIGINFO
SIGHUP: [libjvm.so+0x8e54e0], sa_mask[0]=11111111011111111101111111111110, sa_flags=SA_RESTART|SA_SIGINFO
SIGINT: [libjvm.so+0x8e54e0], sa_mask[0]=11111111011111111101111111111110, sa_flags=SA_RESTART|SA_SIGINFO
SIGTERM: [libjvm.so+0x8e54e0], sa_mask[0]=11111111011111111101111111111110, sa_flags=SA_RESTART|SA_SIGINFO
SIGQUIT: [libjvm.so+0x8e54e0], sa_mask[0]=11111111011111111101111111111110, sa_flags=SA_RESTART|SA_SIGINFO


---------------  S Y S T E M  ---------------

OS:DISTRIB_ID=Ubuntu
DISTRIB_RELEASE=14.10
DISTRIB_CODENAME=utopic
DISTRIB_DESCRIPTION="Ubuntu 14.10"

uname:Linux 3.13.0-36-generic #63-Ubuntu SMP Wed Sep 3 21:30:07 UTC 2014 x86_64
libc:glibc 2.19 NPTL 2.19 
rlimit: STACK 8192k, CORE 0k, NPROC 63080, NOFILE 4096, AS infinity
load average:0,30 0,26 0,20

/proc/meminfo:
MemTotal:        8106680 kB
MemFree:         5367040 kB
Buffers:          101272 kB
Cached:          1549684 kB
SwapCached:            0 kB
Active:          1281408 kB
Inactive:        1213776 kB
Active(anon):     845236 kB
Inactive(anon):    26536 kB
Active(file):     436172 kB
Inactive(file):  1187240 kB
Unevictable:          32 kB
Mlocked:              32 kB
SwapTotal:             0 kB
SwapFree:              0 kB
Dirty:               656 kB
Writeback:             0 kB
AnonPages:        844276 kB
Mapped:           254076 kB
Shmem:             27548 kB
Slab:             108220 kB
SReclaimable:      60648 kB
SUnreclaim:        47572 kB
KernelStack:        4240 kB
PageTables:        27780 kB
NFS_Unstable:          0 kB
Bounce:                0 kB
WritebackTmp:          0 kB
CommitLimit:     4053340 kB
Committed_AS:    3767668 kB
VmallocTotal:   34359738367 kB
VmallocUsed:      304596 kB
VmallocChunk:   34359429032 kB
HardwareCorrupted:     0 kB
AnonHugePages:    542720 kB
HugePages_Total:       0
HugePages_Free:        0
HugePages_Rsvd:        0
HugePages_Surp:        0
Hugepagesize:       2048 kB
DirectMap4k:      112588 kB
DirectMap2M:     8206336 kB


CPU:total 8 (4 cores per cpu, 2 threads per core) family 6 model 58 stepping 9, cmov, cx8, fxsr, mmx, sse, sse2, sse3, ssse3, sse4.1, sse4.2, popcnt, avx, aes, clmul, erms, ht, tsc, tscinvbit, tscinv

/proc/cpuinfo:
processor	: 0
vendor_id	: GenuineIntel
cpu family	: 6
model		: 58
model name	: Intel(R) Core(TM) i7-3630QM CPU @ 2.40GHz
stepping	: 9
microcode	: 0x16
cpu MHz		: 2400.000
cache size	: 6144 KB
physical id	: 0
siblings	: 8
core id		: 0
cpu cores	: 4
apicid		: 0
initial apicid	: 0
fpu		: yes
fpu_exception	: yes
cpuid level	: 13
wp		: yes
flags		: fpu vme de pse tsc msr pae mce cx8 apic sep mtrr pge mca cmov pat pse36 clflush dts acpi mmx fxsr sse sse2 ss ht tm pbe syscall nx rdtscp lm constant_tsc arch_perfmon pebs bts rep_good nopl xtopology nonstop_tsc aperfmperf eagerfpu pni pclmulqdq dtes64 monitor ds_cpl vmx est tm2 ssse3 cx16 xtpr pdcm pcid sse4_1 sse4_2 x2apic popcnt tsc_deadline_timer aes xsave avx f16c rdrand lahf_lm ida arat epb xsaveopt pln pts dtherm tpr_shadow vnmi flexpriority ept vpid fsgsbase smep erms
bogomips	: 4788.92
clflush size	: 64
cache_alignment	: 64
address sizes	: 36 bits physical, 48 bits virtual
power management:

processor	: 1
vendor_id	: GenuineIntel
cpu family	: 6
model		: 58
model name	: Intel(R) Core(TM) i7-3630QM CPU @ 2.40GHz
stepping	: 9
microcode	: 0x16
cpu MHz		: 1200.000
cache size	: 6144 KB
physical id	: 0
siblings	: 8
core id		: 0
cpu cores	: 4
apicid		: 1
initial apicid	: 1
fpu		: yes
fpu_exception	: yes
cpuid level	: 13
wp		: yes
flags		: fpu vme de pse tsc msr pae mce cx8 apic sep mtrr pge mca cmov pat pse36 clflush dts acpi mmx fxsr sse sse2 ss ht tm pbe syscall nx rdtscp lm constant_tsc arch_perfmon pebs bts rep_good nopl xtopology nonstop_tsc aperfmperf eagerfpu pni pclmulqdq dtes64 monitor ds_cpl vmx est tm2 ssse3 cx16 xtpr pdcm pcid sse4_1 sse4_2 x2apic popcnt tsc_deadline_timer aes xsave avx f16c rdrand lahf_lm ida arat epb xsaveopt pln pts dtherm tpr_shadow vnmi flexpriority ept vpid fsgsbase smep erms
bogomips	: 4788.92
clflush size	: 64
cache_alignment	: 64
address sizes	: 36 bits physical, 48 bits virtual
power management:

processor	: 2
vendor_id	: GenuineIntel
cpu family	: 6
model		: 58
model name	: Intel(R) Core(TM) i7-3630QM CPU @ 2.40GHz
stepping	: 9
microcode	: 0x16
cpu MHz		: 1200.000
cache size	: 6144 KB
physical id	: 0
siblings	: 8
core id		: 1
cpu cores	: 4
apicid		: 2
initial apicid	: 2
fpu		: yes
fpu_exception	: yes
cpuid level	: 13
wp		: yes
flags		: fpu vme de pse tsc msr pae mce cx8 apic sep mtrr pge mca cmov pat pse36 clflush dts acpi mmx fxsr sse sse2 ss ht tm pbe syscall nx rdtscp lm constant_tsc arch_perfmon pebs bts rep_good nopl xtopology nonstop_tsc aperfmperf eagerfpu pni pclmulqdq dtes64 monitor ds_cpl vmx est tm2 ssse3 cx16 xtpr pdcm pcid sse4_1 sse4_2 x2apic popcnt tsc_deadline_timer aes xsave avx f16c rdrand lahf_lm ida arat epb xsaveopt pln pts dtherm tpr_shadow vnmi flexpriority ept vpid fsgsbase smep erms
bogomips	: 4788.92
clflush size	: 64
cache_alignment	: 64
address sizes	: 36 bits physical, 48 bits virtual
power management:

processor	: 3
vendor_id	: GenuineIntel
cpu family	: 6
model		: 58
model name	: Intel(R) Core(TM) i7-3630QM CPU @ 2.40GHz
stepping	: 9
microcode	: 0x16
cpu MHz		: 2400.000
cache size	: 6144 KB
physical id	: 0
siblings	: 8
core id		: 1
cpu cores	: 4
apicid		: 3
initial apicid	: 3
fpu		: yes
fpu_exception	: yes
cpuid level	: 13
wp		: yes
flags		: fpu vme de pse tsc msr pae mce cx8 apic sep mtrr pge mca cmov pat pse36 clflush dts acpi mmx fxsr sse sse2 ss ht tm pbe syscall nx rdtscp lm constant_tsc arch_perfmon pebs bts rep_good nopl xtopology nonstop_tsc aperfmperf eagerfpu pni pclmulqdq dtes64 monitor ds_cpl vmx est tm2 ssse3 cx16 xtpr pdcm pcid sse4_1 sse4_2 x2apic popcnt tsc_deadline_timer aes xsave avx f16c rdrand lahf_lm ida arat epb xsaveopt pln pts dtherm tpr_shadow vnmi flexpriority ept vpid fsgsbase smep erms
bogomips	: 4788.92
clflush size	: 64
cache_alignment	: 64
address sizes	: 36 bits physical, 48 bits virtual
power management:

processor	: 4
vendor_id	: GenuineIntel
cpu family	: 6
model		: 58
model name	: Intel(R) Core(TM) i7-3630QM CPU @ 2.40GHz
stepping	: 9
microcode	: 0x16
cpu MHz		: 1200.000
cache size	: 6144 KB
physical id	: 0
siblings	: 8
core id		: 2
cpu cores	: 4
apicid		: 4
initial apicid	: 4
fpu		: yes
fpu_exception	: yes
cpuid level	: 13
wp		: yes
flags		: fpu vme de pse tsc msr pae mce cx8 apic sep mtrr pge mca cmov pat pse36 clflush dts acpi mmx fxsr sse sse2 ss ht tm pbe syscall nx rdtscp lm constant_tsc arch_perfmon pebs bts rep_good nopl xtopology nonstop_tsc aperfmperf eagerfpu pni pclmulqdq dtes64 monitor ds_cpl vmx est tm2 ssse3 cx16 xtpr pdcm pcid sse4_1 sse4_2 x2apic popcnt tsc_deadline_timer aes xsave avx f16c rdrand lahf_lm ida arat epb xsaveopt pln pts dtherm tpr_shadow vnmi flexpriority ept vpid fsgsbase smep erms
bogomips	: 4788.92
clflush size	: 64
cache_alignment	: 64
address sizes	: 36 bits physical, 48 bits virtual
power management:

processor	: 5
vendor_id	: GenuineIntel
cpu family	: 6
model		: 58
model name	: Intel(R) Core(TM) i7-3630QM CPU @ 2.40GHz
stepping	: 9
microcode	: 0x16
cpu MHz		: 1200.000
cache size	: 6144 KB
physical id	: 0
siblings	: 8
core id		: 2
cpu cores	: 4
apicid		: 5
initial apicid	: 5
fpu		: yes
fpu_exception	: yes
cpuid level	: 13
wp		: yes
flags		: fpu vme de pse tsc msr pae mce cx8 apic sep mtrr pge mca cmov pat pse36 clflush dts acpi mmx fxsr sse sse2 ss ht tm pbe syscall nx rdtscp lm constant_tsc arch_perfmon pebs bts rep_good nopl xtopology nonstop_tsc aperfmperf eagerfpu pni pclmulqdq dtes64 monitor ds_cpl vmx est tm2 ssse3 cx16 xtpr pdcm pcid sse4_1 sse4_2 x2apic popcnt tsc_deadline_timer aes xsave avx f16c rdrand lahf_lm ida arat epb xsaveopt pln pts dtherm tpr_shadow vnmi flexpriority ept vpid fsgsbase smep erms
bogomips	: 4788.92
clflush size	: 64
cache_alignment	: 64
address sizes	: 36 bits physical, 48 bits virtual
power management:

processor	: 6
vendor_id	: GenuineIntel
cpu family	: 6
model		: 58
model name	: Intel(R) Core(TM) i7-3630QM CPU @ 2.40GHz
stepping	: 9
microcode	: 0x16
cpu MHz		: 1200.000
cache size	: 6144 KB
physical id	: 0
siblings	: 8
core id		: 3
cpu cores	: 4
apicid		: 6
initial apicid	: 6
fpu		: yes
fpu_exception	: yes
cpuid level	: 13
wp		: yes
flags		: fpu vme de pse tsc msr pae mce cx8 apic sep mtrr pge mca cmov pat pse36 clflush dts acpi mmx fxsr sse sse2 ss ht tm pbe syscall nx rdtscp lm constant_tsc arch_perfmon pebs bts rep_good nopl xtopology nonstop_tsc aperfmperf eagerfpu pni pclmulqdq dtes64 monitor ds_cpl vmx est tm2 ssse3 cx16 xtpr pdcm pcid sse4_1 sse4_2 x2apic popcnt tsc_deadline_timer aes xsave avx f16c rdrand lahf_lm ida arat epb xsaveopt pln pts dtherm tpr_shadow vnmi flexpriority ept vpid fsgsbase smep erms
bogomips	: 4788.92
clflush size	: 64
cache_alignment	: 64
address sizes	: 36 bits physical, 48 bits virtual
power management:

processor	: 7
vendor_id	: GenuineIntel
cpu family	: 6
model		: 58
model name	: Intel(R) Core(TM) i7-3630QM CPU @ 2.40GHz
stepping	: 9
microcode	: 0x16
cpu MHz		: 1200.000
cache size	: 6144 KB
physical id	: 0
siblings	: 8
core id		: 3
cpu cores	: 4
apicid		: 7
initial apicid	: 7
fpu		: yes
fpu_exception	: yes
cpuid level	: 13
wp		: yes
flags		: fpu vme de pse tsc msr pae mce cx8 apic sep mtrr pge mca cmov pat pse36 clflush dts acpi mmx fxsr sse sse2 ss ht tm pbe syscall nx rdtscp lm constant_tsc arch_perfmon pebs bts rep_good nopl xtopology nonstop_tsc aperfmperf eagerfpu pni pclmulqdq dtes64 monitor ds_cpl vmx est tm2 ssse3 cx16 xtpr pdcm pcid sse4_1 sse4_2 x2apic popcnt tsc_deadline_timer aes xsave avx f16c rdrand lahf_lm ida arat epb xsaveopt pln pts dtherm tpr_shadow vnmi flexpriority ept vpid fsgsbase smep erms
bogomips	: 4788.92
clflush size	: 64
cache_alignment	: 64
address sizes	: 36 bits physical, 48 bits virtual
power management:



Memory: 4k page, physical 8106680k(5367040k free), swap 0k(0k free)

vm_info: Java HotSpot(TM) 64-Bit Server VM (25.31-b07) for linux-amd64 JRE (1.8.0_31-b13), built on Dec 17 2014 20:40:15 by "java_re" with gcc 4.3.0 20080428 (Red Hat 4.3.0-8)

time: Tue Feb  3 10:39:31 2015
elapsed time: 2378 seconds (0d 0h 39m 38s)

